<?xml version="1.0" encoding="UTF-8"?>
<Site BuildName="Win32-mingw32-make"
	BuildStamp="20231105-1313-Experimental"
	Name="DESKTOP-N95U046"
	Generator="ctest-3.27.7"
	CompilerName="C:/devel/mingw64/bin/g++.exe"
	CompilerVersion="13.2.0"
	OSName="Windows"
	Hostname="DESKTOP-N95U046"
	OSRelease=" Professional"
	OSVersion=" (Build 19045)"
	OSPlatform="AMD64"
	Is64Bits="1"
	VendorString="AuthenticAMD"
	VendorID="Advanced Micro Devices"
	FamilyID="15"
	ModelID="0"
	ProcessorCacheSize="64"
	NumberOfLogicalCPU="12"
	NumberOfPhysicalCPU="6"
	TotalVirtualMemory="37522"
	TotalPhysicalMemory="32658"
	LogicalProcessorsPerPhysical="2"
	ProcessorClockFrequency="3593"
	>
	<Testing>
		<StartDateTime>Nov 05 17:40 RTZ 2 ([NON-UTF-8-BYTE-0xE7][NON-UTF-8-BYTE-0xE8][NON-UTF-8-BYTE-0xEC][NON-UTF-8-BYTE-0xE0])</StartDateTime>
		<StartTestTime>1699195208</StartTestTime>
		<TestList/>
		<EndDateTime>Nov 05 17:40 RTZ 2 ([NON-UTF-8-BYTE-0xE7][NON-UTF-8-BYTE-0xE8][NON-UTF-8-BYTE-0xEC][NON-UTF-8-BYTE-0xE0])</EndDateTime>
		<EndTestTime>1699195208</EndTestTime>
		<ElapsedMinutes>0</ElapsedMinutes>
	</Testing>
</Site>
